# JRE version: OpenJDK Runtime Environment (21.0.10) (build 21.0.10+-14961533-b1163.108)
# Java VM: OpenJDK 64-Bit Server VM (21.0.10+-14961533-b1163.108, mixed mode, tiered, compressed oops, compressed class ptrs, g1 gc, windows-amd64)
GC Precious Log:
 CardTable entry size: 512
 Card Set container configuration: InlinePtr #cards 5 size 8 Array Of Cards #cards 12 size 40 Howl #buckets 4 coarsen threshold 1843 Howl Bitmap #cards 512 size 80 coarsen threshold 460 Card regions per heap region 1 cards per card region 2048
 CPUs: 12 total, 12 available
 Memory: 16313M
 Large Page Support: Disabled
 NUMA Support: Disabled
 Compressed Oops: Enabled (32-bit)
 Heap Region Size: 1M
 Heap Min Capacity: 8M
 Heap Initial Capacity: 256M
 Heap Max Capacity: 2G
 Pre-touch: Disabled
 Parallel Workers: 10
 Concurrent Workers: 3
 Concurrent Refinement Workers: 10
 Periodic GC: Disabled
Heap:
 garbage-first heap   total 107520K, used 85770K [0x0000000080000000, 0x0000000100000000)
  region size 1024K, 25 young (25600K), 4 survivors (4096K)
 Metaspace       used 59150K, committed 60864K, reserved 1114112K
  class space    used 8383K, committed 9216K, reserved 1048576K
GC Heap History (20 events):
Event: 2.679 GC heap before
{Heap before GC invocations=4 (full 0):
 garbage-first heap   total 71680K, used 70261K [0x0000000080000000, 0x0000000100000000)
  region size 1024K, 58 young (59392K), 9 survivors (9216K)
 Metaspace       used 29302K, committed 29760K, reserved 1114112K
  class space    used 3795K, committed 4032K, reserved 1048576K
}
Event: 2.686 GC heap after
{Heap after GC invocations=5 (full 0):
 garbage-first heap   total 83968K, used 22937K [0x0000000080000000, 0x0000000100000000)
  region size 1024K, 12 young (12288K), 12 survivors (12288K)
 Metaspace       used 29302K, committed 29760K, reserved 1114112K
  class space    used 3795K, committed 4032K, reserved 1048576K
}
Event: 3.523 GC heap before
{Heap before GC invocations=5 (full 0):
 garbage-first heap   total 83968K, used 61849K [0x0000000080000000, 0x0000000100000000)
  region size 1024K, 49 young (50176K), 12 survivors (12288K)
 Metaspace       used 35141K, committed 35840K, reserved 1114112K
  class space    used 4644K, committed 4992K, reserved 1048576K
}
Event: 3.530 GC heap after
{Heap after GC invocations=6 (full 0):
 garbage-first heap   total 83968K, used 24841K [0x0000000080000000, 0x0000000100000000)
  region size 1024K, 6 young (6144K), 6 survivors (6144K)
 Metaspace       used 35141K, committed 35840K, reserved 1114112K
  class space    used 4644K, committed 4992K, reserved 1048576K
}
Event: 3.553 GC heap before
{Heap before GC invocations=6 (full 0):
 garbage-first heap   total 83968K, used 25865K [0x0000000080000000, 0x0000000100000000)
  region size 1024K, 8 young (8192K), 6 survivors (6144K)
 Metaspace       used 35309K, committed 35968K, reserved 1114112K
  class space    used 4669K, committed 4992K, reserved 1048576K
}
Event: 3.557 GC heap after
{Heap after GC invocations=7 (full 0):
 garbage-first heap   total 83968K, used 25420K [0x0000000080000000, 0x0000000100000000)
  region size 1024K, 3 young (3072K), 3 survivors (3072K)
 Metaspace       used 35309K, committed 35968K, reserved 1114112K
  class space    used 4669K, committed 4992K, reserved 1048576K
}
Event: 4.193 GC heap before
{Heap before GC invocations=8 (full 0):
 garbage-first heap   total 83968K, used 78668K [0x0000000080000000, 0x0000000100000000)
  region size 1024K, 42 young (43008K), 3 survivors (3072K)
 Metaspace       used 39461K, committed 40448K, reserved 1114112K
  class space    used 5421K, committed 5952K, reserved 1048576K
}
Event: 4.199 GC heap after
{Heap after GC invocations=9 (full 0):
 garbage-first heap   total 92160K, used 48600K [0x0000000080000000, 0x0000000100000000)
  region size 1024K, 6 young (6144K), 6 survivors (6144K)
 Metaspace       used 39461K, committed 40448K, reserved 1114112K
  class space    used 5421K, committed 5952K, reserved 1048576K
}
Event: 4.567 GC heap before
{Heap before GC invocations=10 (full 0):
 garbage-first heap   total 92160K, used 78296K [0x0000000080000000, 0x0000000100000000)
  region size 1024K, 34 young (34816K), 6 survivors (6144K)
 Metaspace       used 43042K, committed 44160K, reserved 1114112K
  class space    used 5981K, committed 6528K, reserved 1048576K
}
Event: 4.570 GC heap after
{Heap after GC invocations=11 (full 0):
 garbage-first heap   total 92160K, used 52058K [0x0000000080000000, 0x0000000100000000)
  region size 1024K, 3 young (3072K), 3 survivors (3072K)
 Metaspace       used 43042K, committed 44160K, reserved 1114112K
  class space    used 5981K, committed 6528K, reserved 1048576K
}
Event: 5.076 GC heap before
{Heap before GC invocations=11 (full 0):
 garbage-first heap   total 92160K, used 78682K [0x0000000080000000, 0x0000000100000000)
  region size 1024K, 29 young (29696K), 3 survivors (3072K)
 Metaspace       used 46275K, committed 47616K, reserved 1114112K
  class space    used 6560K, committed 7232K, reserved 1048576K
}
Event: 5.079 GC heap after
{Heap after GC invocations=12 (full 0):
 garbage-first heap   total 92160K, used 53260K [0x0000000080000000, 0x0000000100000000)
  region size 1024K, 2 young (2048K), 2 survivors (2048K)
 Metaspace       used 46275K, committed 47616K, reserved 1114112K
  class space    used 6560K, committed 7232K, reserved 1048576K
}
Event: 5.556 GC heap before
{Heap before GC invocations=12 (full 0):
 garbage-first heap   total 92160K, used 78860K [0x0000000080000000, 0x0000000100000000)
  region size 1024K, 28 young (28672K), 2 survivors (2048K)
 Metaspace       used 50811K, committed 52224K, reserved 1114112K
  class space    used 7091K, committed 7808K, reserved 1048576K
}
Event: 5.560 GC heap after
{Heap after GC invocations=13 (full 0):
 garbage-first heap   total 92160K, used 56026K [0x0000000080000000, 0x0000000100000000)
  region size 1024K, 4 young (4096K), 4 survivors (4096K)
 Metaspace       used 50811K, committed 52224K, reserved 1114112K
  class space    used 7091K, committed 7808K, reserved 1048576K
}
Event: 6.149 GC heap before
{Heap before GC invocations=14 (full 0):
 garbage-first heap   total 94208K, used 81626K [0x0000000080000000, 0x0000000100000000)
  region size 1024K, 29 young (29696K), 4 survivors (4096K)
 Metaspace       used 54059K, committed 55616K, reserved 1114112K
  class space    used 7613K, committed 8384K, reserved 1048576K
}
Event: 6.154 GC heap after
{Heap after GC invocations=15 (full 0):
 garbage-first heap   total 94208K, used 58432K [0x0000000080000000, 0x0000000100000000)
  region size 1024K, 3 young (3072K), 3 survivors (3072K)
 Metaspace       used 54059K, committed 55616K, reserved 1114112K
  class space    used 7613K, committed 8384K, reserved 1048576K
}
Event: 6.723 GC heap before
{Heap before GC invocations=15 (full 0):
 garbage-first heap   total 94208K, used 83008K [0x0000000080000000, 0x0000000100000000)
  region size 1024K, 28 young (28672K), 3 survivors (3072K)
 Metaspace       used 56895K, committed 58496K, reserved 1114112K
  class space    used 8113K, committed 8896K, reserved 1048576K
}
Event: 6.728 GC heap after
{Heap after GC invocations=16 (full 0):
 garbage-first heap   total 94208K, used 59618K [0x0000000080000000, 0x0000000100000000)
  region size 1024K, 2 young (2048K), 2 survivors (2048K)
 Metaspace       used 56895K, committed 58496K, reserved 1114112K
  class space    used 8113K, committed 8896K, reserved 1048576K
}
Event: 7.313 GC heap before
{Heap before GC invocations=16 (full 0):
 garbage-first heap   total 94208K, used 84194K [0x0000000080000000, 0x0000000100000000)
  region size 1024K, 27 young (27648K), 2 survivors (2048K)
 Metaspace       used 57771K, committed 59392K, reserved 1114112K
  class space    used 8204K, committed 8960K, reserved 1048576K
}
Event: 7.317 GC heap after
{Heap after GC invocations=17 (full 0):
 garbage-first heap   total 94208K, used 64266K [0x0000000080000000, 0x0000000100000000)
  region size 1024K, 4 young (4096K), 4 survivors (4096K)
 Metaspace       used 57771K, committed 59392K, reserved 1114112K
  class space    used 8204K, committed 8960K, reserved 1048576K
}

